apps/webview/android-stub/app/build/intermediates/manifest_merge_blame_file/debug/manifest-merger-blame-debug-report.txt
1<?xml version="1.0" encoding="utf-8"?>
2<manifest xmlns:android="http://schemas.android.com/apk/res/android"
3    package="com.example.webviewwrapper"
4    android:versionCode="1"
5    android:versionName="1.0" >
6
7    <uses-sdk
8        android:minSdkVersion="21"
9        android:targetSdkVersion="33" />
10
11    <uses-permission android:name="android.permission.INTERNET" />
11-->src/main/AndroidManifest.xml:4:5-67
11-->src/main/AndroidManifest.xml:4:22-64
12
13    <permission
13-->[androidx.core:core:1.9.0] AndroidManifest.xml:22:5-24:47
14        android:name="com.example.webviewwrapper.DYNAMIC_RECEIVER_NOT_EXPORTED_PERMISSION"
14-->[androidx.core:core:1.9.0] AndroidManifest.xml:23:9-81
15        android:protectionLevel="signature" />
15-->[androidx.core:core:1.9.0] AndroidManifest.xml:24:9-44
16
17    <uses-permission android:name="com.example.webviewwrapper.DYNAMIC_RECEIVER_NOT_EXPORTED_PERMISSION" />
17-->[androidx.core:core:1.9.0] AndroidManifest.xml:26:5-97
17-->[androidx.core:core:1.9.0] AndroidManifest.xml:26:22-94
18    <uses-permission android:name="com.android.vending.BILLING" />
18-->[com.android.billingclient:billing:6.0.1] AndroidManifest.xml:10:5-67
18-->[com.android.billingclient:billing:6.0.1] AndroidManifest.xml:10:22-64
19
20    <queries>
20-->[com.android.billingclient:billing:6.0.1] AndroidManifest.xml:12:5-16:15
21        <intent>
21-->[com.android.billingclient:billing:6.0.1] AndroidManifest.xml:13:9-15:18
22            <action android:name="com.android.vending.billing.InAppBillingService.BIND" />
22-->[com.android.billingclient:billing:6.0.1] AndroidManifest.xml:14:13-91
22-->[com.android.billingclient:billing:6.0.1] AndroidManifest.xml:14:21-88
23        </intent>
24    </queries> <!-- Although the *SdkVersion is captured in gradle build files, this is required for non gradle builds -->
25    <!-- <uses-sdk android:minSdkVersion="14"/> -->
26    <uses-permission android:name="android.permission.ACCESS_NETWORK_STATE" />
26-->[com.google.android.datatransport:transport-backend-cct:3.1.8] AndroidManifest.xml:24:5-79
26-->[com.google.android.datatransport:transport-backend-cct:3.1.8] AndroidManifest.xml:24:22-76
27
28    <application
28-->src/main/AndroidManifest.xml:6:5-26:19
29        android:allowBackup="true"
29-->src/main/AndroidManifest.xml:7:9-35
30        android:appComponentFactory="androidx.core.app.CoreComponentFactory"
30-->[androidx.core:core:1.9.0] AndroidManifest.xml:28:18-86
31        android:debuggable="true"
32        android:extractNativeLibs="true"
33        android:icon="@mipmap/ic_launcher"
33-->src/main/AndroidManifest.xml:9:9-43
34        android:label="WebViewWrapper"
34-->src/main/AndroidManifest.xml:8:9-39
35        android:roundIcon="@mipmap/ic_launcher_round"
35-->src/main/AndroidManifest.xml:10:9-54
36        android:testOnly="true"
37        android:theme="@style/Theme.AppCompat.Light.NoActionBar" >
37-->src/main/AndroidManifest.xml:11:9-65
38        <activity
38-->src/main/AndroidManifest.xml:12:9-25:20
39            android:name="com.example.webviewwrapper.MainActivity"
39-->src/main/AndroidManifest.xml:12:19-73
40            android:exported="true" >
40-->src/main/AndroidManifest.xml:12:74-97
41            <intent-filter>
41-->src/main/AndroidManifest.xml:13:13-16:29
42                <action android:name="android.intent.action.MAIN" />
42-->src/main/AndroidManifest.xml:14:17-69
42-->src/main/AndroidManifest.xml:14:25-66
43
44                <category android:name="android.intent.category.LAUNCHER" />
44-->src/main/AndroidManifest.xml:15:17-77
44-->src/main/AndroidManifest.xml:15:27-74
45            </intent-filter>
46            <intent-filter>
46-->src/main/AndroidManifest.xml:18:13-24:29
47                <action android:name="android.intent.action.VIEW" />
47-->src/main/AndroidManifest.xml:19:17-69
47-->src/main/AndroidManifest.xml:19:25-66
48
49                <category android:name="android.intent.category.DEFAULT" />
49-->src/main/AndroidManifest.xml:20:17-76
49-->src/main/AndroidManifest.xml:20:27-73
50                <category android:name="android.intent.category.BROWSABLE" />
50-->src/main/AndroidManifest.xml:21:17-78
50-->src/main/AndroidManifest.xml:21:27-75
51                <!-- Accept any myapp://... deep-link so open/create_dev_token/etc. resolve -->
52                <data android:scheme="myapp" />
52-->src/main/AndroidManifest.xml:23:17-48
52-->src/main/AndroidManifest.xml:23:23-45
53            </intent-filter>
54        </activity>
55
56        <provider
56-->[androidx.emoji2:emoji2:1.2.0] AndroidManifest.xml:24:9-32:20
57            android:name="androidx.startup.InitializationProvider"
57-->[androidx.emoji2:emoji2:1.2.0] AndroidManifest.xml:25:13-67
58            android:authorities="com.example.webviewwrapper.androidx-startup"
58-->[androidx.emoji2:emoji2:1.2.0] AndroidManifest.xml:26:13-68
59            android:exported="false" >
59-->[androidx.emoji2:emoji2:1.2.0] AndroidManifest.xml:27:13-37
60            <meta-data
60-->[androidx.emoji2:emoji2:1.2.0] AndroidManifest.xml:29:13-31:52
61                android:name="androidx.emoji2.text.EmojiCompatInitializer"
61-->[androidx.emoji2:emoji2:1.2.0] AndroidManifest.xml:30:17-75
62                android:value="androidx.startup" />
62-->[androidx.emoji2:emoji2:1.2.0] AndroidManifest.xml:31:17-49
63            <meta-data
63-->[androidx.lifecycle:lifecycle-process:2.4.1] AndroidManifest.xml:31:13-33:52
64                android:name="androidx.lifecycle.ProcessLifecycleInitializer"
64-->[androidx.lifecycle:lifecycle-process:2.4.1] AndroidManifest.xml:32:17-78
65                android:value="androidx.startup" />
65-->[androidx.lifecycle:lifecycle-process:2.4.1] AndroidManifest.xml:33:17-49
66        </provider>
67
68        <meta-data
68-->[com.android.billingclient:billing:6.0.1] AndroidManifest.xml:19:9-21:37
69            android:name="com.google.android.play.billingclient.version"
69-->[com.android.billingclient:billing:6.0.1] AndroidManifest.xml:20:13-73
70            android:value="6.0.1" />
70-->[com.android.billingclient:billing:6.0.1] AndroidManifest.xml:21:13-34
71
72        <activity
72-->[com.android.billingclient:billing:6.0.1] AndroidManifest.xml:23:9-27:75
73            android:name="com.android.billingclient.api.ProxyBillingActivity"
73-->[com.android.billingclient:billing:6.0.1] AndroidManifest.xml:24:13-78
74            android:configChanges="keyboard|keyboardHidden|screenLayout|screenSize|orientation"
74-->[com.android.billingclient:billing:6.0.1] AndroidManifest.xml:25:13-96
75            android:exported="false"
75-->[com.android.billingclient:billing:6.0.1] AndroidManifest.xml:26:13-37
76            android:theme="@android:style/Theme.Translucent.NoTitleBar" />
76-->[com.android.billingclient:billing:6.0.1] AndroidManifest.xml:27:13-72
77
78        <service
78-->[com.google.android.datatransport:transport-backend-cct:3.1.8] AndroidManifest.xml:28:9-34:19
79            android:name="com.google.android.datatransport.runtime.backends.TransportBackendDiscovery"
79-->[com.google.android.datatransport:transport-backend-cct:3.1.8] AndroidManifest.xml:29:13-103
80            android:exported="false" >
80-->[com.google.android.datatransport:transport-backend-cct:3.1.8] AndroidManifest.xml:30:13-37
81            <meta-data
81-->[com.google.android.datatransport:transport-backend-cct:3.1.8] AndroidManifest.xml:31:13-33:39
82                android:name="backend:com.google.android.datatransport.cct.CctBackendFactory"
82-->[com.google.android.datatransport:transport-backend-cct:3.1.8] AndroidManifest.xml:32:17-94
83                android:value="cct" />
83-->[com.google.android.datatransport:transport-backend-cct:3.1.8] AndroidManifest.xml:33:17-36
84        </service>
85        <service
85-->[com.google.android.datatransport:transport-runtime:3.1.8] AndroidManifest.xml:26:9-30:19
86            android:name="com.google.android.datatransport.runtime.scheduling.jobscheduling.JobInfoSchedulerService"
86-->[com.google.android.datatransport:transport-runtime:3.1.8] AndroidManifest.xml:27:13-117
87            android:exported="false"
87-->[com.google.android.datatransport:transport-runtime:3.1.8] AndroidManifest.xml:28:13-37
88            android:permission="android.permission.BIND_JOB_SERVICE" >
88-->[com.google.android.datatransport:transport-runtime:3.1.8] AndroidManifest.xml:29:13-69
89        </service>
90
91        <receiver
91-->[com.google.android.datatransport:transport-runtime:3.1.8] AndroidManifest.xml:32:9-34:40
92            android:name="com.google.android.datatransport.runtime.scheduling.jobscheduling.AlarmManagerSchedulerBroadcastReceiver"
92-->[com.google.android.datatransport:transport-runtime:3.1.8] AndroidManifest.xml:33:13-132
93            android:exported="false" />
93-->[com.google.android.datatransport:transport-runtime:3.1.8] AndroidManifest.xml:34:13-37
94    </application>
95
96</manifest>